ARM GAS  C:\Users\ma32k\AppData\Local\Temp\ccO0HD4v.s 			page 1


   1              		.cpu cortex-m4
   2              		.arch armv7e-m
   3              		.fpu fpv4-sp-d16
   4              		.eabi_attribute 27, 1
   5              		.eabi_attribute 28, 1
   6              		.eabi_attribute 20, 1
   7              		.eabi_attribute 21, 1
   8              		.eabi_attribute 23, 3
   9              		.eabi_attribute 24, 1
  10              		.eabi_attribute 25, 1
  11              		.eabi_attribute 26, 1
  12              		.eabi_attribute 30, 1
  13              		.eabi_attribute 34, 1
  14              		.eabi_attribute 18, 4
  15              		.file	"spi_ili9341.c"
  16              		.text
  17              	.Ltext0:
  18              		.cfi_sections	.debug_frame
  19              		.section	.text.TFT9341_WriteData,"ax",%progbits
  20              		.align	1
  21              		.syntax unified
  22              		.thumb
  23              		.thumb_func
  25              	TFT9341_WriteData:
  26              	.LVL0:
  27              	.LFB132:
  28              		.file 1 "Core/Src/spi_ili9341.c"
   1:Core/Src/spi_ili9341.c **** #include "spi_ili9341.h"
   2:Core/Src/spi_ili9341.c **** 
   3:Core/Src/spi_ili9341.c **** extern SPI_HandleTypeDef hspi1;
   4:Core/Src/spi_ili9341.c **** 
   5:Core/Src/spi_ili9341.c **** uint16_t TFT9341_WIDTH;
   6:Core/Src/spi_ili9341.c **** uint16_t TFT9341_HEIGHT;
   7:Core/Src/spi_ili9341.c **** 
   8:Core/Src/spi_ili9341.c **** void TFT9341_SendCommand(uint8_t cmd)
   9:Core/Src/spi_ili9341.c **** {
  10:Core/Src/spi_ili9341.c ****   DC_COMMAND();
  11:Core/Src/spi_ili9341.c ****   HAL_SPI_Transmit (&hspi1, &cmd, 1, 5000);
  12:Core/Src/spi_ili9341.c **** }
  13:Core/Src/spi_ili9341.c **** 
  14:Core/Src/spi_ili9341.c **** void TFT9341_SendData(uint8_t dt)
  15:Core/Src/spi_ili9341.c **** {
  16:Core/Src/spi_ili9341.c **** 	DC_DATA();
  17:Core/Src/spi_ili9341.c **** 	HAL_SPI_Transmit (&hspi1, &dt, 1, 5000);
  18:Core/Src/spi_ili9341.c **** }
  19:Core/Src/spi_ili9341.c **** 
  20:Core/Src/spi_ili9341.c **** static void TFT9341_WriteData(uint8_t* buff, size_t buff_size) {
  29              		.loc 1 20 64 view -0
  30              		.cfi_startproc
  31              		@ args = 0, pretend = 0, frame = 0
  32              		@ frame_needed = 0, uses_anonymous_args = 0
  33              		.loc 1 20 64 is_stmt 0 view .LVU1
  34 0000 70B5     		push	{r4, r5, r6, lr}
  35              	.LCFI0:
  36              		.cfi_def_cfa_offset 16
  37              		.cfi_offset 4, -16
  38              		.cfi_offset 5, -12
ARM GAS  C:\Users\ma32k\AppData\Local\Temp\ccO0HD4v.s 			page 2


  39              		.cfi_offset 6, -8
  40              		.cfi_offset 14, -4
  41 0002 0646     		mov	r6, r0
  42 0004 0D46     		mov	r5, r1
  21:Core/Src/spi_ili9341.c **** 	DC_DATA();
  43              		.loc 1 21 2 is_stmt 1 view .LVU2
  44 0006 0122     		movs	r2, #1
  45 0008 2021     		movs	r1, #32
  46              	.LVL1:
  47              		.loc 1 21 2 is_stmt 0 view .LVU3
  48 000a 0B48     		ldr	r0, .L5
  49              	.LVL2:
  50              		.loc 1 21 2 view .LVU4
  51 000c FFF7FEFF 		bl	HAL_GPIO_WritePin
  52              	.LVL3:
  22:Core/Src/spi_ili9341.c **** 	while(buff_size > 0) {
  53              		.loc 1 22 2 is_stmt 1 view .LVU5
  54              		.loc 1 22 7 is_stmt 0 view .LVU6
  55 0010 0FE0     		b	.L2
  56              	.L3:
  57              	.LBB2:
  23:Core/Src/spi_ili9341.c **** 		uint16_t chunk_size = buff_size > 32768 ? 32768 : buff_size;
  58              		.loc 1 23 3 is_stmt 1 view .LVU7
  59              		.loc 1 23 51 is_stmt 0 view .LVU8
  60 0012 2C46     		mov	r4, r5
  61 0014 B5F5004F 		cmp	r5, #32768
  62 0018 28BF     		it	cs
  63 001a 4FF40044 		movcs	r4, #32768
  64              		.loc 1 23 12 view .LVU9
  65 001e A4B2     		uxth	r4, r4
  66              	.LVL4:
  24:Core/Src/spi_ili9341.c **** 		HAL_SPI_Transmit(&hspi1, buff, chunk_size, HAL_MAX_DELAY);
  67              		.loc 1 24 3 is_stmt 1 view .LVU10
  68 0020 4FF0FF33 		mov	r3, #-1
  69 0024 2246     		mov	r2, r4
  70 0026 3146     		mov	r1, r6
  71 0028 0448     		ldr	r0, .L5+4
  72 002a FFF7FEFF 		bl	HAL_SPI_Transmit
  73              	.LVL5:
  25:Core/Src/spi_ili9341.c **** 		buff += chunk_size;
  74              		.loc 1 25 3 view .LVU11
  75              		.loc 1 25 8 is_stmt 0 view .LVU12
  76 002e 2644     		add	r6, r6, r4
  77              	.LVL6:
  26:Core/Src/spi_ili9341.c **** 		buff_size -= chunk_size;
  78              		.loc 1 26 3 is_stmt 1 view .LVU13
  79              		.loc 1 26 13 is_stmt 0 view .LVU14
  80 0030 2D1B     		subs	r5, r5, r4
  81              	.LVL7:
  82              	.L2:
  83              		.loc 1 26 13 view .LVU15
  84              	.LBE2:
  22:Core/Src/spi_ili9341.c **** 		uint16_t chunk_size = buff_size > 32768 ? 32768 : buff_size;
  85              		.loc 1 22 7 is_stmt 1 view .LVU16
  86 0032 002D     		cmp	r5, #0
  87 0034 EDD1     		bne	.L3
  27:Core/Src/spi_ili9341.c **** 	}
ARM GAS  C:\Users\ma32k\AppData\Local\Temp\ccO0HD4v.s 			page 3


  28:Core/Src/spi_ili9341.c **** }
  88              		.loc 1 28 1 is_stmt 0 view .LVU17
  89 0036 70BD     		pop	{r4, r5, r6, pc}
  90              	.LVL8:
  91              	.L6:
  92              		.loc 1 28 1 view .LVU18
  93              		.align	2
  94              	.L5:
  95 0038 00040240 		.word	1073873920
  96 003c 00000000 		.word	hspi1
  97              		.cfi_endproc
  98              	.LFE132:
 100              		.section	.text.TFT9341_SendCommand,"ax",%progbits
 101              		.align	1
 102              		.global	TFT9341_SendCommand
 103              		.syntax unified
 104              		.thumb
 105              		.thumb_func
 107              	TFT9341_SendCommand:
 108              	.LVL9:
 109              	.LFB130:
   9:Core/Src/spi_ili9341.c ****   DC_COMMAND();
 110              		.loc 1 9 1 is_stmt 1 view -0
 111              		.cfi_startproc
 112              		@ args = 0, pretend = 0, frame = 8
 113              		@ frame_needed = 0, uses_anonymous_args = 0
   9:Core/Src/spi_ili9341.c ****   DC_COMMAND();
 114              		.loc 1 9 1 is_stmt 0 view .LVU20
 115 0000 00B5     		push	{lr}
 116              	.LCFI1:
 117              		.cfi_def_cfa_offset 4
 118              		.cfi_offset 14, -4
 119 0002 83B0     		sub	sp, sp, #12
 120              	.LCFI2:
 121              		.cfi_def_cfa_offset 16
 122 0004 8DF80700 		strb	r0, [sp, #7]
  10:Core/Src/spi_ili9341.c ****   HAL_SPI_Transmit (&hspi1, &cmd, 1, 5000);
 123              		.loc 1 10 3 is_stmt 1 view .LVU21
 124 0008 0022     		movs	r2, #0
 125 000a 2021     		movs	r1, #32
 126 000c 0648     		ldr	r0, .L9
 127              	.LVL10:
  10:Core/Src/spi_ili9341.c ****   HAL_SPI_Transmit (&hspi1, &cmd, 1, 5000);
 128              		.loc 1 10 3 is_stmt 0 view .LVU22
 129 000e FFF7FEFF 		bl	HAL_GPIO_WritePin
 130              	.LVL11:
  11:Core/Src/spi_ili9341.c **** }
 131              		.loc 1 11 3 is_stmt 1 view .LVU23
 132 0012 41F28833 		movw	r3, #5000
 133 0016 0122     		movs	r2, #1
 134 0018 0DF10701 		add	r1, sp, #7
 135 001c 0348     		ldr	r0, .L9+4
 136 001e FFF7FEFF 		bl	HAL_SPI_Transmit
 137              	.LVL12:
  12:Core/Src/spi_ili9341.c **** 
 138              		.loc 1 12 1 is_stmt 0 view .LVU24
 139 0022 03B0     		add	sp, sp, #12
ARM GAS  C:\Users\ma32k\AppData\Local\Temp\ccO0HD4v.s 			page 4


 140              	.LCFI3:
 141              		.cfi_def_cfa_offset 4
 142              		@ sp needed
 143 0024 5DF804FB 		ldr	pc, [sp], #4
 144              	.L10:
 145              		.align	2
 146              	.L9:
 147 0028 00040240 		.word	1073873920
 148 002c 00000000 		.word	hspi1
 149              		.cfi_endproc
 150              	.LFE130:
 152              		.section	.text.TFT9341_SetAddrWindow,"ax",%progbits
 153              		.align	1
 154              		.syntax unified
 155              		.thumb
 156              		.thumb_func
 158              	TFT9341_SetAddrWindow:
 159              	.LVL13:
 160              	.LFB134:
  29:Core/Src/spi_ili9341.c **** 
  30:Core/Src/spi_ili9341.c **** void TFT9341_reset(void)
  31:Core/Src/spi_ili9341.c **** {
  32:Core/Src/spi_ili9341.c **** 	RESET_ACTIVE();
  33:Core/Src/spi_ili9341.c **** 	HAL_Delay(5);
  34:Core/Src/spi_ili9341.c **** 	RESET_IDLE();
  35:Core/Src/spi_ili9341.c **** }
  36:Core/Src/spi_ili9341.c **** 
  37:Core/Src/spi_ili9341.c **** static void TFT9341_SetAddrWindow(uint16_t x0, uint16_t y0, uint16_t x1, uint16_t y1)
  38:Core/Src/spi_ili9341.c **** {
 161              		.loc 1 38 1 is_stmt 1 view -0
 162              		.cfi_startproc
 163              		@ args = 0, pretend = 0, frame = 8
 164              		@ frame_needed = 0, uses_anonymous_args = 0
 165              		.loc 1 38 1 is_stmt 0 view .LVU26
 166 0000 F0B5     		push	{r4, r5, r6, r7, lr}
 167              	.LCFI4:
 168              		.cfi_def_cfa_offset 20
 169              		.cfi_offset 4, -20
 170              		.cfi_offset 5, -16
 171              		.cfi_offset 6, -12
 172              		.cfi_offset 7, -8
 173              		.cfi_offset 14, -4
 174 0002 83B0     		sub	sp, sp, #12
 175              	.LCFI5:
 176              		.cfi_def_cfa_offset 32
 177 0004 0746     		mov	r7, r0
 178 0006 0D46     		mov	r5, r1
 179 0008 1646     		mov	r6, r2
 180 000a 1C46     		mov	r4, r3
  39:Core/Src/spi_ili9341.c ****   // column address set
  40:Core/Src/spi_ili9341.c ****   TFT9341_SendCommand(0x2A); // CASET
 181              		.loc 1 40 3 is_stmt 1 view .LVU27
 182 000c 2A20     		movs	r0, #42
 183              	.LVL14:
 184              		.loc 1 40 3 is_stmt 0 view .LVU28
 185 000e FFF7FEFF 		bl	TFT9341_SendCommand
 186              	.LVL15:
ARM GAS  C:\Users\ma32k\AppData\Local\Temp\ccO0HD4v.s 			page 5


 187              	.LBB3:
  41:Core/Src/spi_ili9341.c ****   {
  42:Core/Src/spi_ili9341.c ****     uint8_t data[] = { (x0 >> 8) & 0xFF, x0 & 0xFF, (x1 >> 8) & 0xFF, x1 & 0xFF };
 188              		.loc 1 42 5 is_stmt 1 view .LVU29
 189              		.loc 1 42 13 is_stmt 0 view .LVU30
 190 0012 3B0A     		lsrs	r3, r7, #8
 191 0014 8DF80430 		strb	r3, [sp, #4]
 192 0018 8DF80570 		strb	r7, [sp, #5]
 193 001c 330A     		lsrs	r3, r6, #8
 194 001e 8DF80630 		strb	r3, [sp, #6]
 195 0022 8DF80760 		strb	r6, [sp, #7]
  43:Core/Src/spi_ili9341.c ****     TFT9341_WriteData(data, sizeof(data));
 196              		.loc 1 43 5 is_stmt 1 view .LVU31
 197 0026 0421     		movs	r1, #4
 198 0028 0DEB0100 		add	r0, sp, r1
 199 002c FFF7FEFF 		bl	TFT9341_WriteData
 200              	.LVL16:
 201              	.LBE3:
  44:Core/Src/spi_ili9341.c ****   }
  45:Core/Src/spi_ili9341.c ****  
  46:Core/Src/spi_ili9341.c ****   // row address set
  47:Core/Src/spi_ili9341.c ****   TFT9341_SendCommand(0x2B); // RASET
 202              		.loc 1 47 3 view .LVU32
 203 0030 2B20     		movs	r0, #43
 204 0032 FFF7FEFF 		bl	TFT9341_SendCommand
 205              	.LVL17:
 206              	.LBB4:
  48:Core/Src/spi_ili9341.c ****   {
  49:Core/Src/spi_ili9341.c ****     uint8_t data[] = { (y0 >> 8) & 0xFF, y0 & 0xFF, (y1 >> 8) & 0xFF, y1 & 0xFF };
 207              		.loc 1 49 5 view .LVU33
 208              		.loc 1 49 13 is_stmt 0 view .LVU34
 209 0036 2B0A     		lsrs	r3, r5, #8
 210 0038 8DF80430 		strb	r3, [sp, #4]
 211 003c 8DF80550 		strb	r5, [sp, #5]
 212 0040 230A     		lsrs	r3, r4, #8
 213 0042 8DF80630 		strb	r3, [sp, #6]
 214 0046 8DF80740 		strb	r4, [sp, #7]
  50:Core/Src/spi_ili9341.c ****     TFT9341_WriteData(data, sizeof(data));
 215              		.loc 1 50 5 is_stmt 1 view .LVU35
 216 004a 0421     		movs	r1, #4
 217 004c 0DEB0100 		add	r0, sp, r1
 218 0050 FFF7FEFF 		bl	TFT9341_WriteData
 219              	.LVL18:
 220              	.LBE4:
  51:Core/Src/spi_ili9341.c ****   }
  52:Core/Src/spi_ili9341.c ****  
  53:Core/Src/spi_ili9341.c ****   // write to RAM
  54:Core/Src/spi_ili9341.c ****   TFT9341_SendCommand(0x2C); // RAMWR
 221              		.loc 1 54 3 view .LVU36
 222 0054 2C20     		movs	r0, #44
 223 0056 FFF7FEFF 		bl	TFT9341_SendCommand
 224              	.LVL19:
  55:Core/Src/spi_ili9341.c **** }
 225              		.loc 1 55 1 is_stmt 0 view .LVU37
 226 005a 03B0     		add	sp, sp, #12
 227              	.LCFI6:
 228              		.cfi_def_cfa_offset 20
ARM GAS  C:\Users\ma32k\AppData\Local\Temp\ccO0HD4v.s 			page 6


 229              		@ sp needed
 230 005c F0BD     		pop	{r4, r5, r6, r7, pc}
 231              		.cfi_endproc
 232              	.LFE134:
 234              		.section	.text.TFT9341_SendData,"ax",%progbits
 235              		.align	1
 236              		.global	TFT9341_SendData
 237              		.syntax unified
 238              		.thumb
 239              		.thumb_func
 241              	TFT9341_SendData:
 242              	.LVL20:
 243              	.LFB131:
  15:Core/Src/spi_ili9341.c **** 	DC_DATA();
 244              		.loc 1 15 1 is_stmt 1 view -0
 245              		.cfi_startproc
 246              		@ args = 0, pretend = 0, frame = 8
 247              		@ frame_needed = 0, uses_anonymous_args = 0
  15:Core/Src/spi_ili9341.c **** 	DC_DATA();
 248              		.loc 1 15 1 is_stmt 0 view .LVU39
 249 0000 00B5     		push	{lr}
 250              	.LCFI7:
 251              		.cfi_def_cfa_offset 4
 252              		.cfi_offset 14, -4
 253 0002 83B0     		sub	sp, sp, #12
 254              	.LCFI8:
 255              		.cfi_def_cfa_offset 16
 256 0004 8DF80700 		strb	r0, [sp, #7]
  16:Core/Src/spi_ili9341.c **** 	HAL_SPI_Transmit (&hspi1, &dt, 1, 5000);
 257              		.loc 1 16 2 is_stmt 1 view .LVU40
 258 0008 0122     		movs	r2, #1
 259 000a 2021     		movs	r1, #32
 260 000c 0648     		ldr	r0, .L15
 261              	.LVL21:
  16:Core/Src/spi_ili9341.c **** 	HAL_SPI_Transmit (&hspi1, &dt, 1, 5000);
 262              		.loc 1 16 2 is_stmt 0 view .LVU41
 263 000e FFF7FEFF 		bl	HAL_GPIO_WritePin
 264              	.LVL22:
  17:Core/Src/spi_ili9341.c **** }
 265              		.loc 1 17 2 is_stmt 1 view .LVU42
 266 0012 41F28833 		movw	r3, #5000
 267 0016 0122     		movs	r2, #1
 268 0018 0DF10701 		add	r1, sp, #7
 269 001c 0348     		ldr	r0, .L15+4
 270 001e FFF7FEFF 		bl	HAL_SPI_Transmit
 271              	.LVL23:
  18:Core/Src/spi_ili9341.c **** 
 272              		.loc 1 18 1 is_stmt 0 view .LVU43
 273 0022 03B0     		add	sp, sp, #12
 274              	.LCFI9:
 275              		.cfi_def_cfa_offset 4
 276              		@ sp needed
 277 0024 5DF804FB 		ldr	pc, [sp], #4
 278              	.L16:
 279              		.align	2
 280              	.L15:
 281 0028 00040240 		.word	1073873920
ARM GAS  C:\Users\ma32k\AppData\Local\Temp\ccO0HD4v.s 			page 7


 282 002c 00000000 		.word	hspi1
 283              		.cfi_endproc
 284              	.LFE131:
 286              		.section	.text.TFT9341_reset,"ax",%progbits
 287              		.align	1
 288              		.global	TFT9341_reset
 289              		.syntax unified
 290              		.thumb
 291              		.thumb_func
 293              	TFT9341_reset:
 294              	.LFB133:
  31:Core/Src/spi_ili9341.c **** 	RESET_ACTIVE();
 295              		.loc 1 31 1 is_stmt 1 view -0
 296              		.cfi_startproc
 297              		@ args = 0, pretend = 0, frame = 0
 298              		@ frame_needed = 0, uses_anonymous_args = 0
 299 0000 10B5     		push	{r4, lr}
 300              	.LCFI10:
 301              		.cfi_def_cfa_offset 8
 302              		.cfi_offset 4, -8
 303              		.cfi_offset 14, -4
  32:Core/Src/spi_ili9341.c **** 	HAL_Delay(5);
 304              		.loc 1 32 2 view .LVU45
 305 0002 074C     		ldr	r4, .L19
 306 0004 0022     		movs	r2, #0
 307 0006 1021     		movs	r1, #16
 308 0008 2046     		mov	r0, r4
 309 000a FFF7FEFF 		bl	HAL_GPIO_WritePin
 310              	.LVL24:
  33:Core/Src/spi_ili9341.c **** 	RESET_IDLE();
 311              		.loc 1 33 2 view .LVU46
 312 000e 0520     		movs	r0, #5
 313 0010 FFF7FEFF 		bl	HAL_Delay
 314              	.LVL25:
  34:Core/Src/spi_ili9341.c **** }
 315              		.loc 1 34 2 view .LVU47
 316 0014 0122     		movs	r2, #1
 317 0016 1021     		movs	r1, #16
 318 0018 2046     		mov	r0, r4
 319 001a FFF7FEFF 		bl	HAL_GPIO_WritePin
 320              	.LVL26:
  35:Core/Src/spi_ili9341.c **** 
 321              		.loc 1 35 1 is_stmt 0 view .LVU48
 322 001e 10BD     		pop	{r4, pc}
 323              	.L20:
 324              		.align	2
 325              	.L19:
 326 0020 00040240 		.word	1073873920
 327              		.cfi_endproc
 328              	.LFE133:
 330              		.section	.text.TFT9341_FillRect,"ax",%progbits
 331              		.align	1
 332              		.global	TFT9341_FillRect
 333              		.syntax unified
 334              		.thumb
 335              		.thumb_func
 337              	TFT9341_FillRect:
ARM GAS  C:\Users\ma32k\AppData\Local\Temp\ccO0HD4v.s 			page 8


 338              	.LVL27:
 339              	.LFB135:
  56:Core/Src/spi_ili9341.c **** 
  57:Core/Src/spi_ili9341.c **** void TFT9341_FillRect(uint16_t x1, uint16_t y1, uint16_t x2, uint16_t y2, uint16_t color)
  58:Core/Src/spi_ili9341.c **** {
 340              		.loc 1 58 1 is_stmt 1 view -0
 341              		.cfi_startproc
 342              		@ args = 4, pretend = 0, frame = 8
 343              		@ frame_needed = 0, uses_anonymous_args = 0
 344              		.loc 1 58 1 is_stmt 0 view .LVU50
 345 0000 2DE9F041 		push	{r4, r5, r6, r7, r8, lr}
 346              	.LCFI11:
 347              		.cfi_def_cfa_offset 24
 348              		.cfi_offset 4, -24
 349              		.cfi_offset 5, -20
 350              		.cfi_offset 6, -16
 351              		.cfi_offset 7, -12
 352              		.cfi_offset 8, -8
 353              		.cfi_offset 14, -4
 354 0004 82B0     		sub	sp, sp, #8
 355              	.LCFI12:
 356              		.cfi_def_cfa_offset 32
 357 0006 1F46     		mov	r7, r3
 358 0008 BDF82080 		ldrh	r8, [sp, #32]
  59:Core/Src/spi_ili9341.c ****   if((x1 >= TFT9341_WIDTH) || (y1 >= TFT9341_HEIGHT) || (x2 >= TFT9341_WIDTH) || (y2 >= TFT9341_HEI
 359              		.loc 1 59 3 is_stmt 1 view .LVU51
 360              		.loc 1 59 10 is_stmt 0 view .LVU52
 361 000c 204B     		ldr	r3, .L30
 362              	.LVL28:
 363              		.loc 1 59 10 view .LVU53
 364 000e 1B88     		ldrh	r3, [r3]
 365              		.loc 1 59 5 view .LVU54
 366 0010 8342     		cmp	r3, r0
 367 0012 3AD9     		bls	.L21
 368 0014 0446     		mov	r4, r0
 369 0016 0D46     		mov	r5, r1
 370 0018 1646     		mov	r6, r2
 371              		.loc 1 59 35 discriminator 2 view .LVU55
 372 001a 1E4A     		ldr	r2, .L30+4
 373              	.LVL29:
 374              		.loc 1 59 35 discriminator 2 view .LVU56
 375 001c 1288     		ldrh	r2, [r2]
 376              		.loc 1 59 28 discriminator 2 view .LVU57
 377 001e 8A42     		cmp	r2, r1
 378 0020 33D9     		bls	.L21
 379              		.loc 1 59 54 discriminator 4 view .LVU58
 380 0022 B342     		cmp	r3, r6
 381 0024 31D9     		bls	.L21
 382              		.loc 1 59 79 discriminator 6 view .LVU59
 383 0026 BA42     		cmp	r2, r7
 384 0028 2FD9     		bls	.L21
  60:Core/Src/spi_ili9341.c **** 	if(x1>x2) swap(x1,x2);
 385              		.loc 1 60 2 is_stmt 1 view .LVU60
 386              		.loc 1 60 4 is_stmt 0 view .LVU61
 387 002a B042     		cmp	r0, r6
 388 002c 02D8     		bhi	.L25
 389 002e 3346     		mov	r3, r6
ARM GAS  C:\Users\ma32k\AppData\Local\Temp\ccO0HD4v.s 			page 9


 390 0030 0646     		mov	r6, r0
 391 0032 1C46     		mov	r4, r3
 392              	.L25:
 393              	.LVL30:
 394              		.loc 1 60 23 is_stmt 1 discriminator 3 view .LVU62
  61:Core/Src/spi_ili9341.c **** 	if(y1>y2) swap(y1,y2);
 395              		.loc 1 61 2 discriminator 3 view .LVU63
 396              		.loc 1 61 4 is_stmt 0 discriminator 3 view .LVU64
 397 0034 BD42     		cmp	r5, r7
 398 0036 02D8     		bhi	.L26
 399              		.loc 1 61 4 view .LVU65
 400 0038 3B46     		mov	r3, r7
 401 003a 2F46     		mov	r7, r5
 402 003c 1D46     		mov	r5, r3
 403              	.L26:
 404              	.LVL31:
 405              		.loc 1 61 23 is_stmt 1 discriminator 3 view .LVU66
  62:Core/Src/spi_ili9341.c ****   TFT9341_SetAddrWindow(x1, y1, x2, y2);
 406              		.loc 1 62 3 discriminator 3 view .LVU67
 407 003e 2B46     		mov	r3, r5
 408 0040 2246     		mov	r2, r4
 409 0042 3946     		mov	r1, r7
 410 0044 3046     		mov	r0, r6
 411 0046 FFF7FEFF 		bl	TFT9341_SetAddrWindow
 412              	.LVL32:
  63:Core/Src/spi_ili9341.c ****   uint8_t data[] = { color >> 8, color & 0xFF };
 413              		.loc 1 63 3 discriminator 3 view .LVU68
 414              		.loc 1 63 11 is_stmt 0 discriminator 3 view .LVU69
 415 004a 4FEA1823 		lsr	r3, r8, #8
 416 004e 8DF80430 		strb	r3, [sp, #4]
 417 0052 8DF80580 		strb	r8, [sp, #5]
  64:Core/Src/spi_ili9341.c ****   DC_DATA();
 418              		.loc 1 64 3 is_stmt 1 discriminator 3 view .LVU70
 419 0056 0122     		movs	r2, #1
 420 0058 2021     		movs	r1, #32
 421 005a 0F48     		ldr	r0, .L30+8
 422 005c FFF7FEFF 		bl	HAL_GPIO_WritePin
 423              	.LVL33:
  65:Core/Src/spi_ili9341.c ****   for(uint32_t i = 0; i < (x2-x1+1)*(y2-y1+1); i++)
 424              		.loc 1 65 3 discriminator 3 view .LVU71
 425              	.LBB5:
 426              		.loc 1 65 7 discriminator 3 view .LVU72
 427              		.loc 1 65 16 is_stmt 0 discriminator 3 view .LVU73
 428 0060 4FF00008 		mov	r8, #0
 429              		.loc 1 65 3 discriminator 3 view .LVU74
 430 0064 08E0     		b	.L27
 431              	.LVL34:
 432              	.L28:
  66:Core/Src/spi_ili9341.c ****   {
  67:Core/Src/spi_ili9341.c ****       HAL_SPI_Transmit(&hspi1, data, 2, HAL_MAX_DELAY);
 433              		.loc 1 67 7 is_stmt 1 discriminator 3 view .LVU75
 434 0066 4FF0FF33 		mov	r3, #-1
 435 006a 0222     		movs	r2, #2
 436 006c 01A9     		add	r1, sp, #4
 437 006e 0B48     		ldr	r0, .L30+12
 438 0070 FFF7FEFF 		bl	HAL_SPI_Transmit
 439              	.LVL35:
ARM GAS  C:\Users\ma32k\AppData\Local\Temp\ccO0HD4v.s 			page 10


  65:Core/Src/spi_ili9341.c ****   for(uint32_t i = 0; i < (x2-x1+1)*(y2-y1+1); i++)
 440              		.loc 1 65 48 discriminator 3 view .LVU76
  65:Core/Src/spi_ili9341.c ****   for(uint32_t i = 0; i < (x2-x1+1)*(y2-y1+1); i++)
 441              		.loc 1 65 49 is_stmt 0 discriminator 3 view .LVU77
 442 0074 08F10108 		add	r8, r8, #1
 443              	.LVL36:
 444              	.L27:
  65:Core/Src/spi_ili9341.c ****   for(uint32_t i = 0; i < (x2-x1+1)*(y2-y1+1); i++)
 445              		.loc 1 65 23 is_stmt 1 discriminator 1 view .LVU78
  65:Core/Src/spi_ili9341.c ****   for(uint32_t i = 0; i < (x2-x1+1)*(y2-y1+1); i++)
 446              		.loc 1 65 30 is_stmt 0 discriminator 1 view .LVU79
 447 0078 A31B     		subs	r3, r4, r6
  65:Core/Src/spi_ili9341.c ****   for(uint32_t i = 0; i < (x2-x1+1)*(y2-y1+1); i++)
 448              		.loc 1 65 40 discriminator 1 view .LVU80
 449 007a A5EB070E 		sub	lr, r5, r7
  65:Core/Src/spi_ili9341.c ****   for(uint32_t i = 0; i < (x2-x1+1)*(y2-y1+1); i++)
 450              		.loc 1 65 43 discriminator 1 view .LVU81
 451 007e 0EF1010C 		add	ip, lr, #1
  65:Core/Src/spi_ili9341.c ****   for(uint32_t i = 0; i < (x2-x1+1)*(y2-y1+1); i++)
 452              		.loc 1 65 36 discriminator 1 view .LVU82
 453 0082 03FB0CCC 		mla	ip, r3, ip, ip
  65:Core/Src/spi_ili9341.c ****   for(uint32_t i = 0; i < (x2-x1+1)*(y2-y1+1); i++)
 454              		.loc 1 65 3 discriminator 1 view .LVU83
 455 0086 C445     		cmp	ip, r8
 456 0088 EDD8     		bhi	.L28
 457              	.LVL37:
 458              	.L21:
  65:Core/Src/spi_ili9341.c ****   for(uint32_t i = 0; i < (x2-x1+1)*(y2-y1+1); i++)
 459              		.loc 1 65 3 discriminator 1 view .LVU84
 460              	.LBE5:
  68:Core/Src/spi_ili9341.c ****   }
  69:Core/Src/spi_ili9341.c **** }
 461              		.loc 1 69 1 view .LVU85
 462 008a 02B0     		add	sp, sp, #8
 463              	.LCFI13:
 464              		.cfi_def_cfa_offset 24
 465              		@ sp needed
 466 008c BDE8F081 		pop	{r4, r5, r6, r7, r8, pc}
 467              	.LVL38:
 468              	.L31:
 469              		.loc 1 69 1 view .LVU86
 470              		.align	2
 471              	.L30:
 472 0090 00000000 		.word	.LANCHOR0
 473 0094 00000000 		.word	.LANCHOR1
 474 0098 00040240 		.word	1073873920
 475 009c 00000000 		.word	hspi1
 476              		.cfi_endproc
 477              	.LFE135:
 479              		.section	.text.TFT9341_FillScreen,"ax",%progbits
 480              		.align	1
 481              		.global	TFT9341_FillScreen
 482              		.syntax unified
 483              		.thumb
 484              		.thumb_func
 486              	TFT9341_FillScreen:
 487              	.LVL39:
ARM GAS  C:\Users\ma32k\AppData\Local\Temp\ccO0HD4v.s 			page 11


 488              	.LFB136:
  70:Core/Src/spi_ili9341.c **** 
  71:Core/Src/spi_ili9341.c **** void TFT9341_FillScreen(uint16_t color)
  72:Core/Src/spi_ili9341.c **** {
 489              		.loc 1 72 1 is_stmt 1 view -0
 490              		.cfi_startproc
 491              		@ args = 0, pretend = 0, frame = 0
 492              		@ frame_needed = 0, uses_anonymous_args = 0
 493              		.loc 1 72 1 is_stmt 0 view .LVU88
 494 0000 00B5     		push	{lr}
 495              	.LCFI14:
 496              		.cfi_def_cfa_offset 4
 497              		.cfi_offset 14, -4
 498 0002 83B0     		sub	sp, sp, #12
 499              	.LCFI15:
 500              		.cfi_def_cfa_offset 16
  73:Core/Src/spi_ili9341.c ****   TFT9341_FillRect(0, 0, TFT9341_WIDTH-1, TFT9341_HEIGHT-1, color);
 501              		.loc 1 73 3 is_stmt 1 view .LVU89
 502 0004 074B     		ldr	r3, .L34
 503 0006 1B88     		ldrh	r3, [r3]
 504 0008 013B     		subs	r3, r3, #1
 505 000a 074A     		ldr	r2, .L34+4
 506 000c 1288     		ldrh	r2, [r2]
 507 000e 013A     		subs	r2, r2, #1
 508 0010 0090     		str	r0, [sp]
 509 0012 9BB2     		uxth	r3, r3
 510 0014 92B2     		uxth	r2, r2
 511 0016 0021     		movs	r1, #0
 512 0018 0846     		mov	r0, r1
 513              	.LVL40:
 514              		.loc 1 73 3 is_stmt 0 view .LVU90
 515 001a FFF7FEFF 		bl	TFT9341_FillRect
 516              	.LVL41:
  74:Core/Src/spi_ili9341.c **** }
 517              		.loc 1 74 1 view .LVU91
 518 001e 03B0     		add	sp, sp, #12
 519              	.LCFI16:
 520              		.cfi_def_cfa_offset 4
 521              		@ sp needed
 522 0020 5DF804FB 		ldr	pc, [sp], #4
 523              	.L35:
 524              		.align	2
 525              	.L34:
 526 0024 00000000 		.word	.LANCHOR1
 527 0028 00000000 		.word	.LANCHOR0
 528              		.cfi_endproc
 529              	.LFE136:
 531              		.section	.text.TFT9341_ini,"ax",%progbits
 532              		.align	1
 533              		.global	TFT9341_ini
 534              		.syntax unified
 535              		.thumb
 536              		.thumb_func
 538              	TFT9341_ini:
 539              	.LVL42:
 540              	.LFB137:
  75:Core/Src/spi_ili9341.c **** 
ARM GAS  C:\Users\ma32k\AppData\Local\Temp\ccO0HD4v.s 			page 12


  76:Core/Src/spi_ili9341.c **** void TFT9341_ini(uint16_t w_size, uint16_t h_size)
  77:Core/Src/spi_ili9341.c **** {
 541              		.loc 1 77 1 is_stmt 1 view -0
 542              		.cfi_startproc
 543              		@ args = 0, pretend = 0, frame = 24
 544              		@ frame_needed = 0, uses_anonymous_args = 0
 545              		.loc 1 77 1 is_stmt 0 view .LVU93
 546 0000 2DE9F04F 		push	{r4, r5, r6, r7, r8, r9, r10, fp, lr}
 547              	.LCFI17:
 548              		.cfi_def_cfa_offset 36
 549              		.cfi_offset 4, -36
 550              		.cfi_offset 5, -32
 551              		.cfi_offset 6, -28
 552              		.cfi_offset 7, -24
 553              		.cfi_offset 8, -20
 554              		.cfi_offset 9, -16
 555              		.cfi_offset 10, -12
 556              		.cfi_offset 11, -8
 557              		.cfi_offset 14, -4
 558 0004 87B0     		sub	sp, sp, #28
 559              	.LCFI18:
 560              		.cfi_def_cfa_offset 64
 561 0006 0090     		str	r0, [sp]
 562 0008 0191     		str	r1, [sp, #4]
  78:Core/Src/spi_ili9341.c ****   uint8_t data[15];
 563              		.loc 1 78 3 is_stmt 1 view .LVU94
  79:Core/Src/spi_ili9341.c ****   CS_ACTIVE();
 564              		.loc 1 79 3 view .LVU95
 565 000a 0022     		movs	r2, #0
 566 000c 0821     		movs	r1, #8
 567              	.LVL43:
 568              		.loc 1 79 3 is_stmt 0 view .LVU96
 569 000e AC48     		ldr	r0, .L38
 570              	.LVL44:
 571              		.loc 1 79 3 view .LVU97
 572 0010 FFF7FEFF 		bl	HAL_GPIO_WritePin
 573              	.LVL45:
  80:Core/Src/spi_ili9341.c ****   TFT9341_reset();
 574              		.loc 1 80 3 is_stmt 1 view .LVU98
 575 0014 FFF7FEFF 		bl	TFT9341_reset
 576              	.LVL46:
  81:Core/Src/spi_ili9341.c ****   TFT9341_SendCommand(0x01);
 577              		.loc 1 81 3 view .LVU99
 578 0018 0120     		movs	r0, #1
 579 001a FFF7FEFF 		bl	TFT9341_SendCommand
 580              	.LVL47:
  82:Core/Src/spi_ili9341.c ****   HAL_Delay(1000);
 581              		.loc 1 82 3 view .LVU100
 582 001e 4FF47A70 		mov	r0, #1000
 583 0022 FFF7FEFF 		bl	HAL_Delay
 584              	.LVL48:
  83:Core/Src/spi_ili9341.c ****   //Power Control A  
  84:Core/Src/spi_ili9341.c ****   data[0] = 0x39;
 585              		.loc 1 84 3 view .LVU101
 586              		.loc 1 84 11 is_stmt 0 view .LVU102
 587 0026 3923     		movs	r3, #57
 588 0028 8DF80830 		strb	r3, [sp, #8]
ARM GAS  C:\Users\ma32k\AppData\Local\Temp\ccO0HD4v.s 			page 13


  85:Core/Src/spi_ili9341.c ****   data[1] = 0x2C;
 589              		.loc 1 85 3 is_stmt 1 view .LVU103
 590              		.loc 1 85 11 is_stmt 0 view .LVU104
 591 002c 2C23     		movs	r3, #44
 592 002e 8DF80930 		strb	r3, [sp, #9]
  86:Core/Src/spi_ili9341.c ****   data[2] = 0x00;
 593              		.loc 1 86 3 is_stmt 1 view .LVU105
 594              		.loc 1 86 11 is_stmt 0 view .LVU106
 595 0032 0024     		movs	r4, #0
 596 0034 8DF80A40 		strb	r4, [sp, #10]
  87:Core/Src/spi_ili9341.c ****   data[3] = 0x34;
 597              		.loc 1 87 3 is_stmt 1 view .LVU107
 598              		.loc 1 87 11 is_stmt 0 view .LVU108
 599 0038 3423     		movs	r3, #52
 600 003a 8DF80B30 		strb	r3, [sp, #11]
  88:Core/Src/spi_ili9341.c ****   data[4] = 0x02;
 601              		.loc 1 88 3 is_stmt 1 view .LVU109
 602              		.loc 1 88 11 is_stmt 0 view .LVU110
 603 003e 0225     		movs	r5, #2
 604 0040 8DF80C50 		strb	r5, [sp, #12]
  89:Core/Src/spi_ili9341.c ****   TFT9341_SendCommand(0xCB);
 605              		.loc 1 89 3 is_stmt 1 view .LVU111
 606 0044 CB20     		movs	r0, #203
 607 0046 FFF7FEFF 		bl	TFT9341_SendCommand
 608              	.LVL49:
  90:Core/Src/spi_ili9341.c ****   TFT9341_WriteData(data, 5);
 609              		.loc 1 90 3 view .LVU112
 610 004a 0521     		movs	r1, #5
 611 004c 02A8     		add	r0, sp, #8
 612 004e FFF7FEFF 		bl	TFT9341_WriteData
 613              	.LVL50:
  91:Core/Src/spi_ili9341.c ****   //Power Control B
  92:Core/Src/spi_ili9341.c ****   data[0] = 0x00;
 614              		.loc 1 92 3 view .LVU113
 615              		.loc 1 92 11 is_stmt 0 view .LVU114
 616 0052 8DF80840 		strb	r4, [sp, #8]
  93:Core/Src/spi_ili9341.c ****   data[1] = 0xC1;
 617              		.loc 1 93 3 is_stmt 1 view .LVU115
 618              		.loc 1 93 11 is_stmt 0 view .LVU116
 619 0056 6FF03E03 		mvn	r3, #62
 620 005a 8DF80930 		strb	r3, [sp, #9]
  94:Core/Src/spi_ili9341.c ****   data[2] = 0x30;
 621              		.loc 1 94 3 is_stmt 1 view .LVU117
 622              		.loc 1 94 11 is_stmt 0 view .LVU118
 623 005e 3023     		movs	r3, #48
 624 0060 8DF80A30 		strb	r3, [sp, #10]
  95:Core/Src/spi_ili9341.c ****   TFT9341_SendCommand(0xCF);
 625              		.loc 1 95 3 is_stmt 1 view .LVU119
 626 0064 CF20     		movs	r0, #207
 627 0066 FFF7FEFF 		bl	TFT9341_SendCommand
 628              	.LVL51:
  96:Core/Src/spi_ili9341.c ****   TFT9341_WriteData(data, 3);
 629              		.loc 1 96 3 view .LVU120
 630 006a 0321     		movs	r1, #3
 631 006c 02A8     		add	r0, sp, #8
 632 006e FFF7FEFF 		bl	TFT9341_WriteData
 633              	.LVL52:
ARM GAS  C:\Users\ma32k\AppData\Local\Temp\ccO0HD4v.s 			page 14


  97:Core/Src/spi_ili9341.c ****   //Driver timing control A
  98:Core/Src/spi_ili9341.c ****   data[0] = 0x85;
 634              		.loc 1 98 3 view .LVU121
 635              		.loc 1 98 11 is_stmt 0 view .LVU122
 636 0072 8523     		movs	r3, #133
 637 0074 8DF80830 		strb	r3, [sp, #8]
  99:Core/Src/spi_ili9341.c ****   data[1] = 0x00;
 638              		.loc 1 99 3 is_stmt 1 view .LVU123
 639              		.loc 1 99 11 is_stmt 0 view .LVU124
 640 0078 8DF80940 		strb	r4, [sp, #9]
 100:Core/Src/spi_ili9341.c ****   data[2] = 0x78;
 641              		.loc 1 100 3 is_stmt 1 view .LVU125
 642              		.loc 1 100 11 is_stmt 0 view .LVU126
 643 007c 4FF07806 		mov	r6, #120
 644 0080 8DF80A60 		strb	r6, [sp, #10]
 101:Core/Src/spi_ili9341.c ****   TFT9341_SendCommand(0xE8);
 645              		.loc 1 101 3 is_stmt 1 view .LVU127
 646 0084 E820     		movs	r0, #232
 647 0086 FFF7FEFF 		bl	TFT9341_SendCommand
 648              	.LVL53:
 102:Core/Src/spi_ili9341.c ****   TFT9341_WriteData(data, 3);
 649              		.loc 1 102 3 view .LVU128
 650 008a 0321     		movs	r1, #3
 651 008c 02A8     		add	r0, sp, #8
 652 008e FFF7FEFF 		bl	TFT9341_WriteData
 653              	.LVL54:
 103:Core/Src/spi_ili9341.c ****   //Driver timing control B
 104:Core/Src/spi_ili9341.c ****   data[0] = 0x00;
 654              		.loc 1 104 3 view .LVU129
 655              		.loc 1 104 11 is_stmt 0 view .LVU130
 656 0092 8DF80840 		strb	r4, [sp, #8]
 105:Core/Src/spi_ili9341.c ****   data[1] = 0x00;
 657              		.loc 1 105 3 is_stmt 1 view .LVU131
 658              		.loc 1 105 11 is_stmt 0 view .LVU132
 659 0096 8DF80940 		strb	r4, [sp, #9]
 106:Core/Src/spi_ili9341.c ****   TFT9341_SendCommand(0xEA);
 660              		.loc 1 106 3 is_stmt 1 view .LVU133
 661 009a EA20     		movs	r0, #234
 662 009c FFF7FEFF 		bl	TFT9341_SendCommand
 663              	.LVL55:
 107:Core/Src/spi_ili9341.c ****   TFT9341_WriteData(data, 2);
 664              		.loc 1 107 3 view .LVU134
 665 00a0 2946     		mov	r1, r5
 666 00a2 02A8     		add	r0, sp, #8
 667 00a4 FFF7FEFF 		bl	TFT9341_WriteData
 668              	.LVL56:
 108:Core/Src/spi_ili9341.c ****   //Power on Sequence control
 109:Core/Src/spi_ili9341.c ****   data[0] = 0x64;
 669              		.loc 1 109 3 view .LVU135
 670              		.loc 1 109 11 is_stmt 0 view .LVU136
 671 00a8 6423     		movs	r3, #100
 672 00aa 8DF80830 		strb	r3, [sp, #8]
 110:Core/Src/spi_ili9341.c ****   data[1] = 0x03;
 673              		.loc 1 110 3 is_stmt 1 view .LVU137
 674              		.loc 1 110 11 is_stmt 0 view .LVU138
 675 00ae 0326     		movs	r6, #3
 676 00b0 8DF80960 		strb	r6, [sp, #9]
ARM GAS  C:\Users\ma32k\AppData\Local\Temp\ccO0HD4v.s 			page 15


 111:Core/Src/spi_ili9341.c ****   data[2] = 0x12;
 677              		.loc 1 111 3 is_stmt 1 view .LVU139
 678              		.loc 1 111 11 is_stmt 0 view .LVU140
 679 00b4 1223     		movs	r3, #18
 680 00b6 8DF80A30 		strb	r3, [sp, #10]
 112:Core/Src/spi_ili9341.c ****   data[3] = 0x81;
 681              		.loc 1 112 3 is_stmt 1 view .LVU141
 682              		.loc 1 112 11 is_stmt 0 view .LVU142
 683 00ba 8123     		movs	r3, #129
 684 00bc 8DF80B30 		strb	r3, [sp, #11]
 113:Core/Src/spi_ili9341.c ****   TFT9341_SendCommand(0xED);
 685              		.loc 1 113 3 is_stmt 1 view .LVU143
 686 00c0 ED20     		movs	r0, #237
 687 00c2 FFF7FEFF 		bl	TFT9341_SendCommand
 688              	.LVL57:
 114:Core/Src/spi_ili9341.c ****   TFT9341_WriteData(data, 4);
 689              		.loc 1 114 3 view .LVU144
 690 00c6 0421     		movs	r1, #4
 691 00c8 02A8     		add	r0, sp, #8
 692 00ca FFF7FEFF 		bl	TFT9341_WriteData
 693              	.LVL58:
 115:Core/Src/spi_ili9341.c ****   //Pump ratio control
 116:Core/Src/spi_ili9341.c ****   data[0] = 0x20;
 694              		.loc 1 116 3 view .LVU145
 695              		.loc 1 116 11 is_stmt 0 view .LVU146
 696 00ce 2023     		movs	r3, #32
 697 00d0 8DF80830 		strb	r3, [sp, #8]
 117:Core/Src/spi_ili9341.c ****   TFT9341_SendCommand(0xF7);
 698              		.loc 1 117 3 is_stmt 1 view .LVU147
 699 00d4 F720     		movs	r0, #247
 700 00d6 FFF7FEFF 		bl	TFT9341_SendCommand
 701              	.LVL59:
 118:Core/Src/spi_ili9341.c ****   TFT9341_WriteData(data, 1);
 702              		.loc 1 118 3 view .LVU148
 703 00da 0121     		movs	r1, #1
 704 00dc 02A8     		add	r0, sp, #8
 705 00de FFF7FEFF 		bl	TFT9341_WriteData
 706              	.LVL60:
 119:Core/Src/spi_ili9341.c ****   //Power Control,VRH[5:0]
 120:Core/Src/spi_ili9341.c ****   data[0] = 0x10;
 707              		.loc 1 120 3 view .LVU149
 708              		.loc 1 120 11 is_stmt 0 view .LVU150
 709 00e2 4FF0100B 		mov	fp, #16
 710 00e6 8DF808B0 		strb	fp, [sp, #8]
 121:Core/Src/spi_ili9341.c ****   TFT9341_SendCommand(0xC0);
 711              		.loc 1 121 3 is_stmt 1 view .LVU151
 712 00ea C020     		movs	r0, #192
 713 00ec FFF7FEFF 		bl	TFT9341_SendCommand
 714              	.LVL61:
 122:Core/Src/spi_ili9341.c ****   TFT9341_WriteData(data, 1);
 715              		.loc 1 122 3 view .LVU152
 716 00f0 0121     		movs	r1, #1
 717 00f2 02A8     		add	r0, sp, #8
 718 00f4 FFF7FEFF 		bl	TFT9341_WriteData
 719              	.LVL62:
 123:Core/Src/spi_ili9341.c ****   //Power Control,SAP[2:0];BT[3:0]
 124:Core/Src/spi_ili9341.c ****   data[0] = 0x10;
ARM GAS  C:\Users\ma32k\AppData\Local\Temp\ccO0HD4v.s 			page 16


 720              		.loc 1 124 3 view .LVU153
 721              		.loc 1 124 11 is_stmt 0 view .LVU154
 722 00f8 8DF808B0 		strb	fp, [sp, #8]
 125:Core/Src/spi_ili9341.c ****   TFT9341_SendCommand(0xC1);
 723              		.loc 1 125 3 is_stmt 1 view .LVU155
 724 00fc C120     		movs	r0, #193
 725 00fe FFF7FEFF 		bl	TFT9341_SendCommand
 726              	.LVL63:
 126:Core/Src/spi_ili9341.c ****   TFT9341_WriteData(data, 1);
 727              		.loc 1 126 3 view .LVU156
 728 0102 0121     		movs	r1, #1
 729 0104 02A8     		add	r0, sp, #8
 730 0106 FFF7FEFF 		bl	TFT9341_WriteData
 731              	.LVL64:
 127:Core/Src/spi_ili9341.c ****   //VCOM Control 1
 128:Core/Src/spi_ili9341.c ****   data[0] = 0x3E;
 732              		.loc 1 128 3 view .LVU157
 733              		.loc 1 128 11 is_stmt 0 view .LVU158
 734 010a 3E23     		movs	r3, #62
 735 010c 8DF80830 		strb	r3, [sp, #8]
 129:Core/Src/spi_ili9341.c ****   data[1] = 0x28;
 736              		.loc 1 129 3 is_stmt 1 view .LVU159
 737              		.loc 1 129 11 is_stmt 0 view .LVU160
 738 0110 2823     		movs	r3, #40
 739 0112 8DF80930 		strb	r3, [sp, #9]
 130:Core/Src/spi_ili9341.c ****   TFT9341_SendCommand(0xC5);
 740              		.loc 1 130 3 is_stmt 1 view .LVU161
 741 0116 C520     		movs	r0, #197
 742 0118 FFF7FEFF 		bl	TFT9341_SendCommand
 743              	.LVL65:
 131:Core/Src/spi_ili9341.c ****   TFT9341_WriteData(data, 2);
 744              		.loc 1 131 3 view .LVU162
 745 011c 2946     		mov	r1, r5
 746 011e 02A8     		add	r0, sp, #8
 747 0120 FFF7FEFF 		bl	TFT9341_WriteData
 748              	.LVL66:
 132:Core/Src/spi_ili9341.c ****   //VCOM Control 2
 133:Core/Src/spi_ili9341.c ****   data[0] = 0x86;
 749              		.loc 1 133 3 view .LVU163
 750              		.loc 1 133 11 is_stmt 0 view .LVU164
 751 0124 8623     		movs	r3, #134
 752 0126 8DF80830 		strb	r3, [sp, #8]
 134:Core/Src/spi_ili9341.c ****   TFT9341_SendCommand(0xC7);
 753              		.loc 1 134 3 is_stmt 1 view .LVU165
 754 012a C720     		movs	r0, #199
 755 012c FFF7FEFF 		bl	TFT9341_SendCommand
 756              	.LVL67:
 135:Core/Src/spi_ili9341.c ****   TFT9341_WriteData(data, 1);
 757              		.loc 1 135 3 view .LVU166
 758 0130 0121     		movs	r1, #1
 759 0132 02A8     		add	r0, sp, #8
 760 0134 FFF7FEFF 		bl	TFT9341_WriteData
 761              	.LVL68:
 136:Core/Src/spi_ili9341.c ****   //Memory Acsess Control
 137:Core/Src/spi_ili9341.c ****   data[0] = 0x48;
 762              		.loc 1 137 3 view .LVU167
 763              		.loc 1 137 11 is_stmt 0 view .LVU168
ARM GAS  C:\Users\ma32k\AppData\Local\Temp\ccO0HD4v.s 			page 17


 764 0138 4827     		movs	r7, #72
 765 013a 8DF80870 		strb	r7, [sp, #8]
 138:Core/Src/spi_ili9341.c ****   TFT9341_SendCommand(0x36);
 766              		.loc 1 138 3 is_stmt 1 view .LVU169
 767 013e 3620     		movs	r0, #54
 768 0140 FFF7FEFF 		bl	TFT9341_SendCommand
 769              	.LVL69:
 139:Core/Src/spi_ili9341.c ****   TFT9341_WriteData(data, 1);
 770              		.loc 1 139 3 view .LVU170
 771 0144 0121     		movs	r1, #1
 772 0146 02A8     		add	r0, sp, #8
 773 0148 FFF7FEFF 		bl	TFT9341_WriteData
 774              	.LVL70:
 140:Core/Src/spi_ili9341.c ****   //Pixel Format Set
 141:Core/Src/spi_ili9341.c ****   data[0] = 0x55;//16bit
 775              		.loc 1 141 3 view .LVU171
 776              		.loc 1 141 11 is_stmt 0 view .LVU172
 777 014c 5523     		movs	r3, #85
 778 014e 8DF80830 		strb	r3, [sp, #8]
 142:Core/Src/spi_ili9341.c ****   TFT9341_SendCommand(0x3A);
 779              		.loc 1 142 3 is_stmt 1 view .LVU173
 780 0152 3A20     		movs	r0, #58
 781 0154 FFF7FEFF 		bl	TFT9341_SendCommand
 782              	.LVL71:
 143:Core/Src/spi_ili9341.c ****   TFT9341_WriteData(data, 1);
 783              		.loc 1 143 3 view .LVU174
 784 0158 0121     		movs	r1, #1
 785 015a 02A8     		add	r0, sp, #8
 786 015c FFF7FEFF 		bl	TFT9341_WriteData
 787              	.LVL72:
 144:Core/Src/spi_ili9341.c ****   //Frame Rratio Control, Standard RGB Color
 145:Core/Src/spi_ili9341.c ****   data[0] = 0x00;
 788              		.loc 1 145 3 view .LVU175
 789              		.loc 1 145 11 is_stmt 0 view .LVU176
 790 0160 8DF80840 		strb	r4, [sp, #8]
 146:Core/Src/spi_ili9341.c ****   data[1] = 0x18;
 791              		.loc 1 146 3 is_stmt 1 view .LVU177
 792              		.loc 1 146 11 is_stmt 0 view .LVU178
 793 0164 1823     		movs	r3, #24
 794 0166 8DF80930 		strb	r3, [sp, #9]
 147:Core/Src/spi_ili9341.c ****   TFT9341_SendCommand(0xB1);
 795              		.loc 1 147 3 is_stmt 1 view .LVU179
 796 016a B120     		movs	r0, #177
 797 016c FFF7FEFF 		bl	TFT9341_SendCommand
 798              	.LVL73:
 148:Core/Src/spi_ili9341.c ****   TFT9341_WriteData(data, 2);
 799              		.loc 1 148 3 view .LVU180
 800 0170 2946     		mov	r1, r5
 801 0172 02A8     		add	r0, sp, #8
 802 0174 FFF7FEFF 		bl	TFT9341_WriteData
 803              	.LVL74:
 149:Core/Src/spi_ili9341.c ****   //Display Function Control
 150:Core/Src/spi_ili9341.c ****   data[0] = 0x08;
 804              		.loc 1 150 3 view .LVU181
 805              		.loc 1 150 11 is_stmt 0 view .LVU182
 806 0178 4FF00809 		mov	r9, #8
 807 017c 8DF80890 		strb	r9, [sp, #8]
ARM GAS  C:\Users\ma32k\AppData\Local\Temp\ccO0HD4v.s 			page 18


 151:Core/Src/spi_ili9341.c ****   data[1] = 0x82;
 808              		.loc 1 151 3 is_stmt 1 view .LVU183
 809              		.loc 1 151 11 is_stmt 0 view .LVU184
 810 0180 8223     		movs	r3, #130
 811 0182 8DF80930 		strb	r3, [sp, #9]
 152:Core/Src/spi_ili9341.c ****   data[2] = 0x27;//320 строк
 812              		.loc 1 152 3 is_stmt 1 view .LVU185
 813              		.loc 1 152 11 is_stmt 0 view .LVU186
 814 0186 2723     		movs	r3, #39
 815 0188 8DF80A30 		strb	r3, [sp, #10]
 153:Core/Src/spi_ili9341.c ****   TFT9341_SendCommand(0xB6);
 816              		.loc 1 153 3 is_stmt 1 view .LVU187
 817 018c B620     		movs	r0, #182
 818 018e FFF7FEFF 		bl	TFT9341_SendCommand
 819              	.LVL75:
 154:Core/Src/spi_ili9341.c ****   TFT9341_WriteData(data, 3);
 820              		.loc 1 154 3 view .LVU188
 821 0192 3146     		mov	r1, r6
 822 0194 0DEB0900 		add	r0, sp, r9
 823 0198 FFF7FEFF 		bl	TFT9341_WriteData
 824              	.LVL76:
 155:Core/Src/spi_ili9341.c ****   //Enable 3G (пока не знаю что это за режим)
 156:Core/Src/spi_ili9341.c ****   data[0] = 0x00;//не включаем
 825              		.loc 1 156 3 view .LVU189
 826              		.loc 1 156 11 is_stmt 0 view .LVU190
 827 019c 8DF80840 		strb	r4, [sp, #8]
 157:Core/Src/spi_ili9341.c ****   TFT9341_SendCommand(0xF2);
 828              		.loc 1 157 3 is_stmt 1 view .LVU191
 829 01a0 F220     		movs	r0, #242
 830 01a2 FFF7FEFF 		bl	TFT9341_SendCommand
 831              	.LVL77:
 158:Core/Src/spi_ili9341.c ****   TFT9341_WriteData(data, 1);
 832              		.loc 1 158 3 view .LVU192
 833 01a6 0121     		movs	r1, #1
 834 01a8 0DEB0900 		add	r0, sp, r9
 835 01ac FFF7FEFF 		bl	TFT9341_WriteData
 836              	.LVL78:
 159:Core/Src/spi_ili9341.c ****   //Gamma set
 160:Core/Src/spi_ili9341.c ****   data[0] = 0x01;//Gamma Curve (G2.2) (Кривая цветовой гаммы)
 837              		.loc 1 160 3 view .LVU193
 838              		.loc 1 160 11 is_stmt 0 view .LVU194
 839 01b0 4FF00105 		mov	r5, #1
 840 01b4 8DF80850 		strb	r5, [sp, #8]
 161:Core/Src/spi_ili9341.c ****   TFT9341_SendCommand(0x26);
 841              		.loc 1 161 3 is_stmt 1 view .LVU195
 842 01b8 2620     		movs	r0, #38
 843 01ba FFF7FEFF 		bl	TFT9341_SendCommand
 844              	.LVL79:
 162:Core/Src/spi_ili9341.c ****   TFT9341_WriteData(data, 1);
 845              		.loc 1 162 3 view .LVU196
 846 01be 0121     		movs	r1, #1
 847 01c0 0DEB0900 		add	r0, sp, r9
 848 01c4 FFF7FEFF 		bl	TFT9341_WriteData
 849              	.LVL80:
 163:Core/Src/spi_ili9341.c ****   //Positive Gamma  Correction
 164:Core/Src/spi_ili9341.c ****   data[0] = 0x0F;
 850              		.loc 1 164 3 view .LVU197
ARM GAS  C:\Users\ma32k\AppData\Local\Temp\ccO0HD4v.s 			page 19


 851              		.loc 1 164 11 is_stmt 0 view .LVU198
 852 01c8 0F25     		movs	r5, #15
 853 01ca 8DF80850 		strb	r5, [sp, #8]
 165:Core/Src/spi_ili9341.c ****   data[1] = 0x31;
 854              		.loc 1 165 3 is_stmt 1 view .LVU199
 855              		.loc 1 165 11 is_stmt 0 view .LVU200
 856 01ce 4FF03108 		mov	r8, #49
 857 01d2 8DF80980 		strb	r8, [sp, #9]
 166:Core/Src/spi_ili9341.c ****   data[2] = 0x2B;
 858              		.loc 1 166 3 is_stmt 1 view .LVU201
 859              		.loc 1 166 11 is_stmt 0 view .LVU202
 860 01d6 2B23     		movs	r3, #43
 861 01d8 8DF80A30 		strb	r3, [sp, #10]
 167:Core/Src/spi_ili9341.c ****   data[3] = 0x0C;
 862              		.loc 1 167 3 is_stmt 1 view .LVU203
 863              		.loc 1 167 11 is_stmt 0 view .LVU204
 864 01dc 4FF00C0C 		mov	ip, #12
 865 01e0 8DF80BC0 		strb	ip, [sp, #11]
 168:Core/Src/spi_ili9341.c ****   data[4] = 0x0E;
 866              		.loc 1 168 3 is_stmt 1 view .LVU205
 867              		.loc 1 168 11 is_stmt 0 view .LVU206
 868 01e4 4FF00E0A 		mov	r10, #14
 869 01e8 8DF80CA0 		strb	r10, [sp, #12]
 169:Core/Src/spi_ili9341.c ****   data[5] = 0x08;
 870              		.loc 1 169 3 is_stmt 1 view .LVU207
 871              		.loc 1 169 11 is_stmt 0 view .LVU208
 872 01ec 8DF80D90 		strb	r9, [sp, #13]
 170:Core/Src/spi_ili9341.c ****   data[6] = 0x4E;
 873              		.loc 1 170 3 is_stmt 1 view .LVU209
 874              		.loc 1 170 11 is_stmt 0 view .LVU210
 875 01f0 4E23     		movs	r3, #78
 876 01f2 8DF80E30 		strb	r3, [sp, #14]
 171:Core/Src/spi_ili9341.c ****   data[7] = 0xF1;
 877              		.loc 1 171 3 is_stmt 1 view .LVU211
 878              		.loc 1 171 11 is_stmt 0 view .LVU212
 879 01f6 F123     		movs	r3, #241
 880 01f8 8DF80F30 		strb	r3, [sp, #15]
 172:Core/Src/spi_ili9341.c ****   data[8] = 0x37;
 881              		.loc 1 172 3 is_stmt 1 view .LVU213
 882              		.loc 1 172 11 is_stmt 0 view .LVU214
 883 01fc 3723     		movs	r3, #55
 884 01fe 8DF81030 		strb	r3, [sp, #16]
 173:Core/Src/spi_ili9341.c ****   data[9] = 0x07;
 885              		.loc 1 173 3 is_stmt 1 view .LVU215
 886              		.loc 1 173 11 is_stmt 0 view .LVU216
 887 0202 4FF0070E 		mov	lr, #7
 888 0206 8DF811E0 		strb	lr, [sp, #17]
 174:Core/Src/spi_ili9341.c ****   data[10] = 0x10;
 889              		.loc 1 174 3 is_stmt 1 view .LVU217
 890              		.loc 1 174 12 is_stmt 0 view .LVU218
 891 020a 8DF812B0 		strb	fp, [sp, #18]
 175:Core/Src/spi_ili9341.c ****   data[11] = 0x03;
 892              		.loc 1 175 3 is_stmt 1 view .LVU219
 893              		.loc 1 175 12 is_stmt 0 view .LVU220
 894 020e 8DF81360 		strb	r6, [sp, #19]
 176:Core/Src/spi_ili9341.c ****   data[12] = 0x0E;
 895              		.loc 1 176 3 is_stmt 1 view .LVU221
ARM GAS  C:\Users\ma32k\AppData\Local\Temp\ccO0HD4v.s 			page 20


 896              		.loc 1 176 12 is_stmt 0 view .LVU222
 897 0212 8DF814A0 		strb	r10, [sp, #20]
 177:Core/Src/spi_ili9341.c ****   data[13] = 0x09;
 898              		.loc 1 177 3 is_stmt 1 view .LVU223
 899              		.loc 1 177 12 is_stmt 0 view .LVU224
 900 0216 0923     		movs	r3, #9
 901 0218 8DF81530 		strb	r3, [sp, #21]
 178:Core/Src/spi_ili9341.c ****   data[14] = 0x00;
 902              		.loc 1 178 3 is_stmt 1 view .LVU225
 903              		.loc 1 178 12 is_stmt 0 view .LVU226
 904 021c 8DF81640 		strb	r4, [sp, #22]
 179:Core/Src/spi_ili9341.c ****   TFT9341_SendCommand(0xE0);
 905              		.loc 1 179 3 is_stmt 1 view .LVU227
 906 0220 E020     		movs	r0, #224
 907 0222 FFF7FEFF 		bl	TFT9341_SendCommand
 908              	.LVL81:
 180:Core/Src/spi_ili9341.c ****   TFT9341_WriteData(data, 15);
 909              		.loc 1 180 3 view .LVU228
 910 0226 2946     		mov	r1, r5
 911 0228 0DEB0900 		add	r0, sp, r9
 912 022c FFF7FEFF 		bl	TFT9341_WriteData
 913              	.LVL82:
 181:Core/Src/spi_ili9341.c ****   //Negative Gamma  Correction
 182:Core/Src/spi_ili9341.c ****   data[0] = 0x00;
 914              		.loc 1 182 3 view .LVU229
 915              		.loc 1 182 11 is_stmt 0 view .LVU230
 916 0230 8DF80840 		strb	r4, [sp, #8]
 183:Core/Src/spi_ili9341.c ****   data[1] = 0x0E;
 917              		.loc 1 183 3 is_stmt 1 view .LVU231
 918              		.loc 1 183 11 is_stmt 0 view .LVU232
 919 0234 8DF809A0 		strb	r10, [sp, #9]
 184:Core/Src/spi_ili9341.c ****   data[2] = 0x14;
 920              		.loc 1 184 3 is_stmt 1 view .LVU233
 921              		.loc 1 184 11 is_stmt 0 view .LVU234
 922 0238 1423     		movs	r3, #20
 923 023a 8DF80A30 		strb	r3, [sp, #10]
 185:Core/Src/spi_ili9341.c ****   data[3] = 0x03;
 924              		.loc 1 185 3 is_stmt 1 view .LVU235
 925              		.loc 1 185 11 is_stmt 0 view .LVU236
 926 023e 8DF80B60 		strb	r6, [sp, #11]
 186:Core/Src/spi_ili9341.c ****   data[4] = 0x11;
 927              		.loc 1 186 3 is_stmt 1 view .LVU237
 928              		.loc 1 186 11 is_stmt 0 view .LVU238
 929 0242 1124     		movs	r4, #17
 930 0244 8DF80C40 		strb	r4, [sp, #12]
 187:Core/Src/spi_ili9341.c ****   data[5] = 0x07;
 931              		.loc 1 187 3 is_stmt 1 view .LVU239
 932              		.loc 1 187 11 is_stmt 0 view .LVU240
 933 0248 4FF0070E 		mov	lr, #7
 934 024c 8DF80DE0 		strb	lr, [sp, #13]
 188:Core/Src/spi_ili9341.c ****   data[6] = 0x31;
 935              		.loc 1 188 3 is_stmt 1 view .LVU241
 936              		.loc 1 188 11 is_stmt 0 view .LVU242
 937 0250 8DF80E80 		strb	r8, [sp, #14]
 189:Core/Src/spi_ili9341.c ****   data[7] = 0xC1;
 938              		.loc 1 189 3 is_stmt 1 view .LVU243
 939              		.loc 1 189 11 is_stmt 0 view .LVU244
ARM GAS  C:\Users\ma32k\AppData\Local\Temp\ccO0HD4v.s 			page 21


 940 0254 6FF03E03 		mvn	r3, #62
 941 0258 8DF80F30 		strb	r3, [sp, #15]
 190:Core/Src/spi_ili9341.c ****   data[8] = 0x48;
 942              		.loc 1 190 3 is_stmt 1 view .LVU245
 943              		.loc 1 190 11 is_stmt 0 view .LVU246
 944 025c 8DF81070 		strb	r7, [sp, #16]
 191:Core/Src/spi_ili9341.c ****   data[9] = 0x08;
 945              		.loc 1 191 3 is_stmt 1 view .LVU247
 946              		.loc 1 191 11 is_stmt 0 view .LVU248
 947 0260 8DF81190 		strb	r9, [sp, #17]
 192:Core/Src/spi_ili9341.c ****   data[10] = 0x0F;
 948              		.loc 1 192 3 is_stmt 1 view .LVU249
 949              		.loc 1 192 12 is_stmt 0 view .LVU250
 950 0264 8DF81250 		strb	r5, [sp, #18]
 193:Core/Src/spi_ili9341.c ****   data[11] = 0x0C;
 951              		.loc 1 193 3 is_stmt 1 view .LVU251
 952              		.loc 1 193 12 is_stmt 0 view .LVU252
 953 0268 4FF00C0C 		mov	ip, #12
 954 026c 8DF813C0 		strb	ip, [sp, #19]
 194:Core/Src/spi_ili9341.c ****   data[12] = 0x31;
 955              		.loc 1 194 3 is_stmt 1 view .LVU253
 956              		.loc 1 194 12 is_stmt 0 view .LVU254
 957 0270 8DF81480 		strb	r8, [sp, #20]
 195:Core/Src/spi_ili9341.c ****   data[13] = 0x36;
 958              		.loc 1 195 3 is_stmt 1 view .LVU255
 959              		.loc 1 195 12 is_stmt 0 view .LVU256
 960 0274 3623     		movs	r3, #54
 961 0276 8DF81530 		strb	r3, [sp, #21]
 196:Core/Src/spi_ili9341.c ****   data[14] = 0x0F;
 962              		.loc 1 196 3 is_stmt 1 view .LVU257
 963              		.loc 1 196 12 is_stmt 0 view .LVU258
 964 027a 8DF81650 		strb	r5, [sp, #22]
 197:Core/Src/spi_ili9341.c ****   TFT9341_SendCommand(0xE1);
 965              		.loc 1 197 3 is_stmt 1 view .LVU259
 966 027e E120     		movs	r0, #225
 967 0280 FFF7FEFF 		bl	TFT9341_SendCommand
 968              	.LVL83:
 198:Core/Src/spi_ili9341.c ****   TFT9341_WriteData(data, 15);
 969              		.loc 1 198 3 view .LVU260
 970 0284 2946     		mov	r1, r5
 971 0286 0DEB0900 		add	r0, sp, r9
 972 028a FFF7FEFF 		bl	TFT9341_WriteData
 973              	.LVL84:
 199:Core/Src/spi_ili9341.c ****   TFT9341_SendCommand(0x11);//Выйдем из спящего режима
 974              		.loc 1 199 3 view .LVU261
 975 028e 2046     		mov	r0, r4
 976 0290 FFF7FEFF 		bl	TFT9341_SendCommand
 977              	.LVL85:
 200:Core/Src/spi_ili9341.c ****   HAL_Delay(120);
 978              		.loc 1 200 3 view .LVU262
 979 0294 7820     		movs	r0, #120
 980 0296 FFF7FEFF 		bl	HAL_Delay
 981              	.LVL86:
 201:Core/Src/spi_ili9341.c ****   //Display ON
 202:Core/Src/spi_ili9341.c ****   data[0] = TFT9341_ROTATION;
 982              		.loc 1 202 3 view .LVU263
 983              		.loc 1 202 11 is_stmt 0 view .LVU264
ARM GAS  C:\Users\ma32k\AppData\Local\Temp\ccO0HD4v.s 			page 22


 984 029a 8DF80870 		strb	r7, [sp, #8]
 203:Core/Src/spi_ili9341.c ****   TFT9341_SendCommand(0x29);
 985              		.loc 1 203 3 is_stmt 1 view .LVU265
 986 029e 2920     		movs	r0, #41
 987 02a0 FFF7FEFF 		bl	TFT9341_SendCommand
 988              	.LVL87:
 204:Core/Src/spi_ili9341.c ****   TFT9341_WriteData(data, 1);
 989              		.loc 1 204 3 view .LVU266
 990 02a4 0121     		movs	r1, #1
 991 02a6 0DEB0900 		add	r0, sp, r9
 992 02aa FFF7FEFF 		bl	TFT9341_WriteData
 993              	.LVL88:
 205:Core/Src/spi_ili9341.c ****   TFT9341_WIDTH = w_size;
 994              		.loc 1 205 3 view .LVU267
 995              		.loc 1 205 17 is_stmt 0 view .LVU268
 996 02ae 054B     		ldr	r3, .L38+4
 997 02b0 009A     		ldr	r2, [sp]
 998 02b2 1A80     		strh	r2, [r3]	@ movhi
 206:Core/Src/spi_ili9341.c ****   TFT9341_HEIGHT = h_size;
 999              		.loc 1 206 3 is_stmt 1 view .LVU269
 1000              		.loc 1 206 18 is_stmt 0 view .LVU270
 1001 02b4 044B     		ldr	r3, .L38+8
 1002 02b6 019A     		ldr	r2, [sp, #4]
 1003 02b8 1A80     		strh	r2, [r3]	@ movhi
 207:Core/Src/spi_ili9341.c **** }
 1004              		.loc 1 207 1 view .LVU271
 1005 02ba 07B0     		add	sp, sp, #28
 1006              	.LCFI19:
 1007              		.cfi_def_cfa_offset 36
 1008              		@ sp needed
 1009 02bc BDE8F08F 		pop	{r4, r5, r6, r7, r8, r9, r10, fp, pc}
 1010              	.L39:
 1011              		.align	2
 1012              	.L38:
 1013 02c0 00040240 		.word	1073873920
 1014 02c4 00000000 		.word	.LANCHOR0
 1015 02c8 00000000 		.word	.LANCHOR1
 1016              		.cfi_endproc
 1017              	.LFE137:
 1019              		.global	TFT9341_HEIGHT
 1020              		.global	TFT9341_WIDTH
 1021              		.section	.bss.TFT9341_HEIGHT,"aw",%nobits
 1022              		.align	1
 1023              		.set	.LANCHOR1,. + 0
 1026              	TFT9341_HEIGHT:
 1027 0000 0000     		.space	2
 1028              		.section	.bss.TFT9341_WIDTH,"aw",%nobits
 1029              		.align	1
 1030              		.set	.LANCHOR0,. + 0
 1033              	TFT9341_WIDTH:
 1034 0000 0000     		.space	2
 1035              		.text
 1036              	.Letext0:
 1037              		.file 2 "c:\\program files (x86)\\gnu arm embedded toolchain\\10 2021.10\\arm-none-eabi\\include\\
 1038              		.file 3 "c:\\program files (x86)\\gnu arm embedded toolchain\\10 2021.10\\arm-none-eabi\\include\\
 1039              		.file 4 "Drivers/CMSIS/Device/ST/STM32F4xx/Include/stm32f411xe.h"
 1040              		.file 5 "c:\\program files (x86)\\gnu arm embedded toolchain\\10 2021.10\\lib\\gcc\\arm-none-eabi\
ARM GAS  C:\Users\ma32k\AppData\Local\Temp\ccO0HD4v.s 			page 23


 1041              		.file 6 "Drivers/STM32F4xx_HAL_Driver/Inc/stm32f4xx_hal_def.h"
 1042              		.file 7 "Drivers/STM32F4xx_HAL_Driver/Inc/stm32f4xx_hal_gpio.h"
 1043              		.file 8 "Drivers/STM32F4xx_HAL_Driver/Inc/stm32f4xx_hal_dma.h"
 1044              		.file 9 "Drivers/STM32F4xx_HAL_Driver/Inc/stm32f4xx_hal_spi.h"
 1045              		.file 10 "Drivers/STM32F4xx_HAL_Driver/Inc/stm32f4xx_hal.h"
ARM GAS  C:\Users\ma32k\AppData\Local\Temp\ccO0HD4v.s 			page 24


DEFINED SYMBOLS
                            *ABS*:00000000 spi_ili9341.c
C:\Users\ma32k\AppData\Local\Temp\ccO0HD4v.s:20     .text.TFT9341_WriteData:00000000 $t
C:\Users\ma32k\AppData\Local\Temp\ccO0HD4v.s:25     .text.TFT9341_WriteData:00000000 TFT9341_WriteData
C:\Users\ma32k\AppData\Local\Temp\ccO0HD4v.s:95     .text.TFT9341_WriteData:00000038 $d
C:\Users\ma32k\AppData\Local\Temp\ccO0HD4v.s:101    .text.TFT9341_SendCommand:00000000 $t
C:\Users\ma32k\AppData\Local\Temp\ccO0HD4v.s:107    .text.TFT9341_SendCommand:00000000 TFT9341_SendCommand
C:\Users\ma32k\AppData\Local\Temp\ccO0HD4v.s:147    .text.TFT9341_SendCommand:00000028 $d
C:\Users\ma32k\AppData\Local\Temp\ccO0HD4v.s:153    .text.TFT9341_SetAddrWindow:00000000 $t
C:\Users\ma32k\AppData\Local\Temp\ccO0HD4v.s:158    .text.TFT9341_SetAddrWindow:00000000 TFT9341_SetAddrWindow
C:\Users\ma32k\AppData\Local\Temp\ccO0HD4v.s:235    .text.TFT9341_SendData:00000000 $t
C:\Users\ma32k\AppData\Local\Temp\ccO0HD4v.s:241    .text.TFT9341_SendData:00000000 TFT9341_SendData
C:\Users\ma32k\AppData\Local\Temp\ccO0HD4v.s:281    .text.TFT9341_SendData:00000028 $d
C:\Users\ma32k\AppData\Local\Temp\ccO0HD4v.s:287    .text.TFT9341_reset:00000000 $t
C:\Users\ma32k\AppData\Local\Temp\ccO0HD4v.s:293    .text.TFT9341_reset:00000000 TFT9341_reset
C:\Users\ma32k\AppData\Local\Temp\ccO0HD4v.s:326    .text.TFT9341_reset:00000020 $d
C:\Users\ma32k\AppData\Local\Temp\ccO0HD4v.s:331    .text.TFT9341_FillRect:00000000 $t
C:\Users\ma32k\AppData\Local\Temp\ccO0HD4v.s:337    .text.TFT9341_FillRect:00000000 TFT9341_FillRect
C:\Users\ma32k\AppData\Local\Temp\ccO0HD4v.s:472    .text.TFT9341_FillRect:00000090 $d
C:\Users\ma32k\AppData\Local\Temp\ccO0HD4v.s:480    .text.TFT9341_FillScreen:00000000 $t
C:\Users\ma32k\AppData\Local\Temp\ccO0HD4v.s:486    .text.TFT9341_FillScreen:00000000 TFT9341_FillScreen
C:\Users\ma32k\AppData\Local\Temp\ccO0HD4v.s:526    .text.TFT9341_FillScreen:00000024 $d
C:\Users\ma32k\AppData\Local\Temp\ccO0HD4v.s:532    .text.TFT9341_ini:00000000 $t
C:\Users\ma32k\AppData\Local\Temp\ccO0HD4v.s:538    .text.TFT9341_ini:00000000 TFT9341_ini
C:\Users\ma32k\AppData\Local\Temp\ccO0HD4v.s:1013   .text.TFT9341_ini:000002c0 $d
C:\Users\ma32k\AppData\Local\Temp\ccO0HD4v.s:1026   .bss.TFT9341_HEIGHT:00000000 TFT9341_HEIGHT
C:\Users\ma32k\AppData\Local\Temp\ccO0HD4v.s:1033   .bss.TFT9341_WIDTH:00000000 TFT9341_WIDTH
C:\Users\ma32k\AppData\Local\Temp\ccO0HD4v.s:1022   .bss.TFT9341_HEIGHT:00000000 $d
C:\Users\ma32k\AppData\Local\Temp\ccO0HD4v.s:1029   .bss.TFT9341_WIDTH:00000000 $d

UNDEFINED SYMBOLS
HAL_GPIO_WritePin
HAL_SPI_Transmit
hspi1
HAL_Delay
